::1 - - [27/Jul/2020:16:56:59 +0000] "GET / HTTP/1.1" 200 - "-" "Mozilla/5.0 (X11; Linux x86_64) AppleWebKit/537.36 (KHTML, like Gecko) Chrome/81.0.4044.92 Safari/537.36"
::1 - - [27/Jul/2020:16:56:59 +0000] "GET /css/main.css HTTP/1.1" 200 - "http://localhost:4000/" "Mozilla/5.0 (X11; Linux x86_64) AppleWebKit/537.36 (KHTML, like Gecko) Chrome/81.0.4044.92 Safari/537.36"
::1 - - [27/Jul/2020:16:56:59 +0000] "GET /css/product.css HTTP/1.1" 200 - "http://localhost:4000/" "Mozilla/5.0 (X11; Linux x86_64) AppleWebKit/537.36 (KHTML, like Gecko) Chrome/81.0.4044.92 Safari/537.36"
::1 - - [27/Jul/2020:16:56:59 +0000] "GET /images/2020-07-18T18:15:36.207Z-digital_id.png HTTP/1.1" 200 22594 "http://localhost:4000/" "Mozilla/5.0 (X11; Linux x86_64) AppleWebKit/537.36 (KHTML, like Gecko) Chrome/81.0.4044.92 Safari/537.36"
::1 - - [27/Jul/2020:16:57:00 +0000] "GET /favicon.ico HTTP/1.1" 404 1002 "http://localhost:4000/" "Mozilla/5.0 (X11; Linux x86_64) AppleWebKit/537.36 (KHTML, like Gecko) Chrome/81.0.4044.92 Safari/537.36"
::1 - - [27/Jul/2020:16:57:06 +0000] "GET /login HTTP/1.1" 200 - "http://localhost:4000/" "Mozilla/5.0 (X11; Linux x86_64) AppleWebKit/537.36 (KHTML, like Gecko) Chrome/81.0.4044.92 Safari/537.36"
::1 - - [27/Jul/2020:16:57:06 +0000] "GET /css/main.css HTTP/1.1" 304 - "http://localhost:4000/login" "Mozilla/5.0 (X11; Linux x86_64) AppleWebKit/537.36 (KHTML, like Gecko) Chrome/81.0.4044.92 Safari/537.36"
::1 - - [27/Jul/2020:16:57:06 +0000] "GET /css/product.css HTTP/1.1" 304 - "http://localhost:4000/login" "Mozilla/5.0 (X11; Linux x86_64) AppleWebKit/537.36 (KHTML, like Gecko) Chrome/81.0.4044.92 Safari/537.36"
::1 - - [27/Jul/2020:16:57:10 +0000] "POST /login HTTP/1.1" 302 46 "http://localhost:4000/login" "Mozilla/5.0 (X11; Linux x86_64) AppleWebKit/537.36 (KHTML, like Gecko) Chrome/81.0.4044.92 Safari/537.36"
::1 - - [27/Jul/2020:16:57:10 +0000] "GET / HTTP/1.1" 200 - "http://localhost:4000/login" "Mozilla/5.0 (X11; Linux x86_64) AppleWebKit/537.36 (KHTML, like Gecko) Chrome/81.0.4044.92 Safari/537.36"
::1 - - [27/Jul/2020:16:57:10 +0000] "GET /css/main.css HTTP/1.1" 304 - "http://localhost:4000/" "Mozilla/5.0 (X11; Linux x86_64) AppleWebKit/537.36 (KHTML, like Gecko) Chrome/81.0.4044.92 Safari/537.36"
::1 - - [27/Jul/2020:16:57:10 +0000] "GET /css/product.css HTTP/1.1" 304 - "http://localhost:4000/" "Mozilla/5.0 (X11; Linux x86_64) AppleWebKit/537.36 (KHTML, like Gecko) Chrome/81.0.4044.92 Safari/537.36"
::1 - - [27/Jul/2020:16:57:10 +0000] "GET /images/2020-07-18T18:15:36.207Z-digital_id.png HTTP/1.1" 304 - "http://localhost:4000/" "Mozilla/5.0 (X11; Linux x86_64) AppleWebKit/537.36 (KHTML, like Gecko) Chrome/81.0.4044.92 Safari/537.36"
::1 - - [27/Jul/2020:16:57:13 +0000] "GET /products HTTP/1.1" 200 - "http://localhost:4000/" "Mozilla/5.0 (X11; Linux x86_64) AppleWebKit/537.36 (KHTML, like Gecko) Chrome/81.0.4044.92 Safari/537.36"
::1 - - [27/Jul/2020:16:57:13 +0000] "GET /css/main.css HTTP/1.1" 304 - "http://localhost:4000/products" "Mozilla/5.0 (X11; Linux x86_64) AppleWebKit/537.36 (KHTML, like Gecko) Chrome/81.0.4044.92 Safari/537.36"
::1 - - [27/Jul/2020:16:57:13 +0000] "GET /images/2020-07-18T18:15:36.207Z-digital_id.png HTTP/1.1" 304 - "http://localhost:4000/products" "Mozilla/5.0 (X11; Linux x86_64) AppleWebKit/537.36 (KHTML, like Gecko) Chrome/81.0.4044.92 Safari/537.36"
::1 - - [27/Jul/2020:16:57:16 +0000] "GET /admin/add-product HTTP/1.1" 200 - "http://localhost:4000/products" "Mozilla/5.0 (X11; Linux x86_64) AppleWebKit/537.36 (KHTML, like Gecko) Chrome/81.0.4044.92 Safari/537.36"
::1 - - [27/Jul/2020:16:57:16 +0000] "GET /css/main.css HTTP/1.1" 304 - "http://localhost:4000/admin/add-product" "Mozilla/5.0 (X11; Linux x86_64) AppleWebKit/537.36 (KHTML, like Gecko) Chrome/81.0.4044.92 Safari/537.36"
::1 - - [27/Jul/2020:16:57:16 +0000] "GET /css/product.css HTTP/1.1" 304 - "http://localhost:4000/admin/add-product" "Mozilla/5.0 (X11; Linux x86_64) AppleWebKit/537.36 (KHTML, like Gecko) Chrome/81.0.4044.92 Safari/537.36"
::1 - - [27/Jul/2020:16:57:19 +0000] "GET / HTTP/1.1" 200 - "http://localhost:4000/admin/add-product" "Mozilla/5.0 (X11; Linux x86_64) AppleWebKit/537.36 (KHTML, like Gecko) Chrome/81.0.4044.92 Safari/537.36"
::1 - - [27/Jul/2020:16:57:19 +0000] "GET /css/main.css HTTP/1.1" 304 - "http://localhost:4000/" "Mozilla/5.0 (X11; Linux x86_64) AppleWebKit/537.36 (KHTML, like Gecko) Chrome/81.0.4044.92 Safari/537.36"
::1 - - [27/Jul/2020:16:57:19 +0000] "GET /css/product.css HTTP/1.1" 304 - "http://localhost:4000/" "Mozilla/5.0 (X11; Linux x86_64) AppleWebKit/537.36 (KHTML, like Gecko) Chrome/81.0.4044.92 Safari/537.36"
::1 - - [27/Jul/2020:16:57:19 +0000] "GET /images/2020-07-18T18:15:36.207Z-digital_id.png HTTP/1.1" 304 - "http://localhost:4000/" "Mozilla/5.0 (X11; Linux x86_64) AppleWebKit/537.36 (KHTML, like Gecko) Chrome/81.0.4044.92 Safari/537.36"
::1 - - [27/Jul/2020:17:01:44 +0000] "POST /logout HTTP/1.1" 302 46 "http://localhost:4000/" "Mozilla/5.0 (X11; Linux x86_64) AppleWebKit/537.36 (KHTML, like Gecko) Chrome/81.0.4044.92 Safari/537.36"
::1 - - [27/Jul/2020:17:01:45 +0000] "GET / HTTP/1.1" 200 - "http://localhost:4000/" "Mozilla/5.0 (X11; Linux x86_64) AppleWebKit/537.36 (KHTML, like Gecko) Chrome/81.0.4044.92 Safari/537.36"
::1 - - [27/Jul/2020:17:01:45 +0000] "GET /css/main.css HTTP/1.1" 304 - "http://localhost:4000/" "Mozilla/5.0 (X11; Linux x86_64) AppleWebKit/537.36 (KHTML, like Gecko) Chrome/81.0.4044.92 Safari/537.36"
::1 - - [27/Jul/2020:17:01:45 +0000] "GET /css/product.css HTTP/1.1" 304 - "http://localhost:4000/" "Mozilla/5.0 (X11; Linux x86_64) AppleWebKit/537.36 (KHTML, like Gecko) Chrome/81.0.4044.92 Safari/537.36"
::1 - - [27/Jul/2020:17:01:45 +0000] "GET /images/2020-07-18T18:15:36.207Z-digital_id.png HTTP/1.1" 304 - "http://localhost:4000/" "Mozilla/5.0 (X11; Linux x86_64) AppleWebKit/537.36 (KHTML, like Gecko) Chrome/81.0.4044.92 Safari/537.36"
::1 - - [27/Jul/2020:17:01:47 +0000] "GET /signup HTTP/1.1" 200 - "http://localhost:4000/" "Mozilla/5.0 (X11; Linux x86_64) AppleWebKit/537.36 (KHTML, like Gecko) Chrome/81.0.4044.92 Safari/537.36"
::1 - - [27/Jul/2020:17:01:47 +0000] "GET /css/main.css HTTP/1.1" 304 - "http://localhost:4000/signup" "Mozilla/5.0 (X11; Linux x86_64) AppleWebKit/537.36 (KHTML, like Gecko) Chrome/81.0.4044.92 Safari/537.36"
::1 - - [27/Jul/2020:17:01:47 +0000] "GET /css/product.css HTTP/1.1" 304 - "http://localhost:4000/signup" "Mozilla/5.0 (X11; Linux x86_64) AppleWebKit/537.36 (KHTML, like Gecko) Chrome/81.0.4044.92 Safari/537.36"
::1 - - [27/Jul/2020:17:09:00 +0000] "POST /signup HTTP/1.1" 500 - "http://localhost:4000/signup" "Mozilla/5.0 (X11; Linux x86_64) AppleWebKit/537.36 (KHTML, like Gecko) Chrome/81.0.4044.92 Safari/537.36"
::1 - - [27/Jul/2020:17:09:00 +0000] "GET /css/main.css HTTP/1.1" 304 - "http://localhost:4000/signup" "Mozilla/5.0 (X11; Linux x86_64) AppleWebKit/537.36 (KHTML, like Gecko) Chrome/81.0.4044.92 Safari/537.36"
::1 - - [27/Jul/2020:17:10:55 +0000] "POST /signup HTTP/1.1" 500 - "http://localhost:4000/signup" "Mozilla/5.0 (X11; Linux x86_64) AppleWebKit/537.36 (KHTML, like Gecko) Chrome/81.0.4044.92 Safari/537.36"
::1 - - [27/Jul/2020:17:10:55 +0000] "GET /css/main.css HTTP/1.1" 304 - "http://localhost:4000/signup" "Mozilla/5.0 (X11; Linux x86_64) AppleWebKit/537.36 (KHTML, like Gecko) Chrome/81.0.4044.92 Safari/537.36"
::1 - - [27/Jul/2020:17:12:09 +0000] "GET /css/main.css HTTP/1.1" 304 - "http://localhost:4000/signup" "Mozilla/5.0 (X11; Linux x86_64) AppleWebKit/537.36 (KHTML, like Gecko) Chrome/81.0.4044.92 Safari/537.36"
::1 - - [27/Jul/2020:17:13:25 +0000] "POST /signup HTTP/1.1" 500 - "http://localhost:4000/signup" "Mozilla/5.0 (X11; Linux x86_64) AppleWebKit/537.36 (KHTML, like Gecko) Chrome/81.0.4044.92 Safari/537.36"
::1 - - [27/Jul/2020:17:13:25 +0000] "GET /css/main.css HTTP/1.1" 304 - "http://localhost:4000/signup" "Mozilla/5.0 (X11; Linux x86_64) AppleWebKit/537.36 (KHTML, like Gecko) Chrome/81.0.4044.92 Safari/537.36"
::1 - - [27/Jul/2020:17:13:45 +0000] "POST /signup HTTP/1.1" 500 - "http://localhost:4000/signup" "Mozilla/5.0 (X11; Linux x86_64) AppleWebKit/537.36 (KHTML, like Gecko) Chrome/81.0.4044.92 Safari/537.36"
::1 - - [27/Jul/2020:17:13:45 +0000] "GET /css/main.css HTTP/1.1" 304 - "http://localhost:4000/signup" "Mozilla/5.0 (X11; Linux x86_64) AppleWebKit/537.36 (KHTML, like Gecko) Chrome/81.0.4044.92 Safari/537.36"
::1 - - [27/Jul/2020:17:20:12 +0000] "POST /signup HTTP/1.1" 500 148 "http://localhost:4000/signup" "Mozilla/5.0 (X11; Linux x86_64) AppleWebKit/537.36 (KHTML, like Gecko) Chrome/81.0.4044.92 Safari/537.36"
::1 - - [27/Jul/2020:17:20:46 +0000] "POST /signup HTTP/1.1" 500 - "http://localhost:4000/signup" "Mozilla/5.0 (X11; Linux x86_64) AppleWebKit/537.36 (KHTML, like Gecko) Chrome/81.0.4044.92 Safari/537.36"
::1 - - [27/Jul/2020:17:20:46 +0000] "GET /css/main.css HTTP/1.1" 304 - "http://localhost:4000/signup" "Mozilla/5.0 (X11; Linux x86_64) AppleWebKit/537.36 (KHTML, like Gecko) Chrome/81.0.4044.92 Safari/537.36"
::1 - - [27/Jul/2020:17:21:35 +0000] "GET / HTTP/1.1" 200 - "-" "Mozilla/5.0 (X11; Linux x86_64) AppleWebKit/537.36 (KHTML, like Gecko) Chrome/81.0.4044.92 Safari/537.36"
::1 - - [27/Jul/2020:17:21:35 +0000] "GET /css/main.css HTTP/1.1" 200 - "http://localhost:4000/" "Mozilla/5.0 (X11; Linux x86_64) AppleWebKit/537.36 (KHTML, like Gecko) Chrome/81.0.4044.92 Safari/537.36"
::1 - - [27/Jul/2020:17:21:35 +0000] "GET /css/product.css HTTP/1.1" 200 - "http://localhost:4000/" "Mozilla/5.0 (X11; Linux x86_64) AppleWebKit/537.36 (KHTML, like Gecko) Chrome/81.0.4044.92 Safari/537.36"
::1 - - [27/Jul/2020:17:21:38 +0000] "GET /signup HTTP/1.1" 200 - "http://localhost:4000/" "Mozilla/5.0 (X11; Linux x86_64) AppleWebKit/537.36 (KHTML, like Gecko) Chrome/81.0.4044.92 Safari/537.36"
::1 - - [27/Jul/2020:17:21:38 +0000] "GET /css/main.css HTTP/1.1" 304 - "http://localhost:4000/signup" "Mozilla/5.0 (X11; Linux x86_64) AppleWebKit/537.36 (KHTML, like Gecko) Chrome/81.0.4044.92 Safari/537.36"
::1 - - [27/Jul/2020:17:21:38 +0000] "GET /css/product.css HTTP/1.1" 304 - "http://localhost:4000/signup" "Mozilla/5.0 (X11; Linux x86_64) AppleWebKit/537.36 (KHTML, like Gecko) Chrome/81.0.4044.92 Safari/537.36"
::1 - - [27/Jul/2020:17:21:52 +0000] "POST /signup HTTP/1.1" 302 56 "http://localhost:4000/signup" "Mozilla/5.0 (X11; Linux x86_64) AppleWebKit/537.36 (KHTML, like Gecko) Chrome/81.0.4044.92 Safari/537.36"
::1 - - [27/Jul/2020:17:21:52 +0000] "GET /login HTTP/1.1" 200 - "http://localhost:4000/signup" "Mozilla/5.0 (X11; Linux x86_64) AppleWebKit/537.36 (KHTML, like Gecko) Chrome/81.0.4044.92 Safari/537.36"
::1 - - [27/Jul/2020:17:21:52 +0000] "GET /css/main.css HTTP/1.1" 304 - "http://localhost:4000/login" "Mozilla/5.0 (X11; Linux x86_64) AppleWebKit/537.36 (KHTML, like Gecko) Chrome/81.0.4044.92 Safari/537.36"
::1 - - [27/Jul/2020:17:21:52 +0000] "GET /css/product.css HTTP/1.1" 304 - "http://localhost:4000/login" "Mozilla/5.0 (X11; Linux x86_64) AppleWebKit/537.36 (KHTML, like Gecko) Chrome/81.0.4044.92 Safari/537.36"
::1 - - [27/Jul/2020:17:23:14 +0000] "GET /login HTTP/1.1" 200 - "http://localhost:4000/login" "Mozilla/5.0 (X11; Linux x86_64) AppleWebKit/537.36 (KHTML, like Gecko) Chrome/81.0.4044.92 Safari/537.36"
::1 - - [27/Jul/2020:17:23:14 +0000] "POST /login HTTP/1.1" 302 56 "http://localhost:4000/login" "Mozilla/5.0 (X11; Linux x86_64) AppleWebKit/537.36 (KHTML, like Gecko) Chrome/81.0.4044.92 Safari/537.36"
::1 - - [27/Jul/2020:17:23:14 +0000] "GET /css/main.css HTTP/1.1" 304 - "http://localhost:4000/login" "Mozilla/5.0 (X11; Linux x86_64) AppleWebKit/537.36 (KHTML, like Gecko) Chrome/81.0.4044.92 Safari/537.36"
::1 - - [27/Jul/2020:17:23:14 +0000] "GET /css/product.css HTTP/1.1" 304 - "http://localhost:4000/login" "Mozilla/5.0 (X11; Linux x86_64) AppleWebKit/537.36 (KHTML, like Gecko) Chrome/81.0.4044.92 Safari/537.36"
::1 - - [27/Jul/2020:17:23:26 +0000] "GET /css/main.css HTTP/1.1" 304 - "http://localhost:4000/login" "Mozilla/5.0 (X11; Linux x86_64) AppleWebKit/537.36 (KHTML, like Gecko) Chrome/81.0.4044.92 Safari/537.36"
::1 - - [27/Jul/2020:17:23:26 +0000] "GET /css/product.css HTTP/1.1" 304 - "http://localhost:4000/login" "Mozilla/5.0 (X11; Linux x86_64) AppleWebKit/537.36 (KHTML, like Gecko) Chrome/81.0.4044.92 Safari/537.36"
::1 - - [27/Jul/2020:17:23:32 +0000] "POST /login HTTP/1.1" 302 56 "http://localhost:4000/login" "Mozilla/5.0 (X11; Linux x86_64) AppleWebKit/537.36 (KHTML, like Gecko) Chrome/81.0.4044.92 Safari/537.36"
::1 - - [27/Jul/2020:17:23:32 +0000] "GET /login HTTP/1.1" 200 - "http://localhost:4000/login" "Mozilla/5.0 (X11; Linux x86_64) AppleWebKit/537.36 (KHTML, like Gecko) Chrome/81.0.4044.92 Safari/537.36"
::1 - - [27/Jul/2020:17:23:32 +0000] "GET /css/main.css HTTP/1.1" 304 - "http://localhost:4000/login" "Mozilla/5.0 (X11; Linux x86_64) AppleWebKit/537.36 (KHTML, like Gecko) Chrome/81.0.4044.92 Safari/537.36"
::1 - - [27/Jul/2020:17:23:32 +0000] "GET /css/product.css HTTP/1.1" 304 - "http://localhost:4000/login" "Mozilla/5.0 (X11; Linux x86_64) AppleWebKit/537.36 (KHTML, like Gecko) Chrome/81.0.4044.92 Safari/537.36"
::1 - - [27/Jul/2020:17:23:46 +0000] "POST /login HTTP/1.1" 302 46 "http://localhost:4000/login" "Mozilla/5.0 (X11; Linux x86_64) AppleWebKit/537.36 (KHTML, like Gecko) Chrome/81.0.4044.92 Safari/537.36"
::1 - - [27/Jul/2020:17:23:47 +0000] "GET / HTTP/1.1" 200 - "http://localhost:4000/login" "Mozilla/5.0 (X11; Linux x86_64) AppleWebKit/537.36 (KHTML, like Gecko) Chrome/81.0.4044.92 Safari/537.36"
::1 - - [27/Jul/2020:17:23:47 +0000] "GET /css/main.css HTTP/1.1" 304 - "http://localhost:4000/" "Mozilla/5.0 (X11; Linux x86_64) AppleWebKit/537.36 (KHTML, like Gecko) Chrome/81.0.4044.92 Safari/537.36"
::1 - - [27/Jul/2020:17:23:47 +0000] "GET /css/product.css HTTP/1.1" 304 - "http://localhost:4000/" "Mozilla/5.0 (X11; Linux x86_64) AppleWebKit/537.36 (KHTML, like Gecko) Chrome/81.0.4044.92 Safari/537.36"
::1 - - [27/Jul/2020:17:23:55 +0000] "GET /admin/add-product HTTP/1.1" 200 - "http://localhost:4000/" "Mozilla/5.0 (X11; Linux x86_64) AppleWebKit/537.36 (KHTML, like Gecko) Chrome/81.0.4044.92 Safari/537.36"
::1 - - [27/Jul/2020:17:23:55 +0000] "GET /css/main.css HTTP/1.1" 304 - "http://localhost:4000/admin/add-product" "Mozilla/5.0 (X11; Linux x86_64) AppleWebKit/537.36 (KHTML, like Gecko) Chrome/81.0.4044.92 Safari/537.36"
::1 - - [27/Jul/2020:17:23:55 +0000] "GET /css/product.css HTTP/1.1" 304 - "http://localhost:4000/admin/add-product" "Mozilla/5.0 (X11; Linux x86_64) AppleWebKit/537.36 (KHTML, like Gecko) Chrome/81.0.4044.92 Safari/537.36"
::1 - - [27/Jul/2020:17:24:12 +0000] "POST /admin/add-product HTTP/1.1" 302 74 "http://localhost:4000/admin/add-product" "Mozilla/5.0 (X11; Linux x86_64) AppleWebKit/537.36 (KHTML, like Gecko) Chrome/81.0.4044.92 Safari/537.36"
::1 - - [27/Jul/2020:17:24:12 +0000] "GET /admin/products HTTP/1.1" 200 - "http://localhost:4000/admin/add-product" "Mozilla/5.0 (X11; Linux x86_64) AppleWebKit/537.36 (KHTML, like Gecko) Chrome/81.0.4044.92 Safari/537.36"
::1 - - [27/Jul/2020:17:24:12 +0000] "GET /css/main.css HTTP/1.1" 304 - "http://localhost:4000/admin/products" "Mozilla/5.0 (X11; Linux x86_64) AppleWebKit/537.36 (KHTML, like Gecko) Chrome/81.0.4044.92 Safari/537.36"
::1 - - [27/Jul/2020:17:24:12 +0000] "GET /css/product.css HTTP/1.1" 304 - "http://localhost:4000/admin/products" "Mozilla/5.0 (X11; Linux x86_64) AppleWebKit/537.36 (KHTML, like Gecko) Chrome/81.0.4044.92 Safari/537.36"
::1 - - [27/Jul/2020:17:24:12 +0000] "GET /images/2020-07-27T17:24:11.945Z-block.png HTTP/1.1" 200 20458 "http://localhost:4000/admin/products" "Mozilla/5.0 (X11; Linux x86_64) AppleWebKit/537.36 (KHTML, like Gecko) Chrome/81.0.4044.92 Safari/537.36"
::1 - - [27/Jul/2020:17:24:12 +0000] "GET /css/js/admin.js HTTP/1.1" 200 591 "http://localhost:4000/admin/products" "Mozilla/5.0 (X11; Linux x86_64) AppleWebKit/537.36 (KHTML, like Gecko) Chrome/81.0.4044.92 Safari/537.36"
::1 - - [27/Jul/2020:17:24:20 +0000] "GET / HTTP/1.1" 200 - "http://localhost:4000/admin/products" "Mozilla/5.0 (X11; Linux x86_64) AppleWebKit/537.36 (KHTML, like Gecko) Chrome/81.0.4044.92 Safari/537.36"
::1 - - [27/Jul/2020:17:24:20 +0000] "GET /css/main.css HTTP/1.1" 304 - "http://localhost:4000/" "Mozilla/5.0 (X11; Linux x86_64) AppleWebKit/537.36 (KHTML, like Gecko) Chrome/81.0.4044.92 Safari/537.36"
::1 - - [27/Jul/2020:17:24:20 +0000] "GET /css/product.css HTTP/1.1" 304 - "http://localhost:4000/" "Mozilla/5.0 (X11; Linux x86_64) AppleWebKit/537.36 (KHTML, like Gecko) Chrome/81.0.4044.92 Safari/537.36"
::1 - - [27/Jul/2020:17:24:20 +0000] "GET /images/2020-07-27T17:24:11.945Z-block.png HTTP/1.1" 304 - "http://localhost:4000/" "Mozilla/5.0 (X11; Linux x86_64) AppleWebKit/537.36 (KHTML, like Gecko) Chrome/81.0.4044.92 Safari/537.36"
::1 - - [27/Jul/2020:17:24:23 +0000] "GET /products HTTP/1.1" 200 - "http://localhost:4000/" "Mozilla/5.0 (X11; Linux x86_64) AppleWebKit/537.36 (KHTML, like Gecko) Chrome/81.0.4044.92 Safari/537.36"
::1 - - [27/Jul/2020:17:24:23 +0000] "GET /css/main.css HTTP/1.1" 304 - "http://localhost:4000/products" "Mozilla/5.0 (X11; Linux x86_64) AppleWebKit/537.36 (KHTML, like Gecko) Chrome/81.0.4044.92 Safari/537.36"
::1 - - [27/Jul/2020:17:24:23 +0000] "GET /images/2020-07-27T17:24:11.945Z-block.png HTTP/1.1" 304 - "http://localhost:4000/products" "Mozilla/5.0 (X11; Linux x86_64) AppleWebKit/537.36 (KHTML, like Gecko) Chrome/81.0.4044.92 Safari/537.36"
::1 - - [27/Jul/2020:17:24:28 +0000] "GET / HTTP/1.1" 200 - "http://localhost:4000/products" "Mozilla/5.0 (X11; Linux x86_64) AppleWebKit/537.36 (KHTML, like Gecko) Chrome/81.0.4044.92 Safari/537.36"
::1 - - [27/Jul/2020:17:24:28 +0000] "GET /css/main.css HTTP/1.1" 304 - "http://localhost:4000/" "Mozilla/5.0 (X11; Linux x86_64) AppleWebKit/537.36 (KHTML, like Gecko) Chrome/81.0.4044.92 Safari/537.36"
::1 - - [27/Jul/2020:17:24:28 +0000] "GET /css/product.css HTTP/1.1" 304 - "http://localhost:4000/" "Mozilla/5.0 (X11; Linux x86_64) AppleWebKit/537.36 (KHTML, like Gecko) Chrome/81.0.4044.92 Safari/537.36"
::1 - - [27/Jul/2020:17:24:28 +0000] "GET /images/2020-07-27T17:24:11.945Z-block.png HTTP/1.1" 304 - "http://localhost:4000/" "Mozilla/5.0 (X11; Linux x86_64) AppleWebKit/537.36 (KHTML, like Gecko) Chrome/81.0.4044.92 Safari/537.36"
